2021-07-01 22:02:07,817 - INFO - ServiceNode - [EtcdSupport.py:549]: we have create ServiceRegister
2021-07-01 22:02:07,818 - INFO - ServiceNode - [EtcdSupport.py:552]: we have create ServiceFinder
2021-07-01 22:02:07,827 - INFO - TcpServer - [TcpServer.py:200]: Server on ('127.0.0.1', 10002)
2021-07-01 22:02:10,829 - INFO - ServiceFinder - [EtcdSupport.py:382]: _init_info, now_url: http://127.0.0.1:2379/v2/keys?recursive=true
2021-07-01 22:02:10,833 - INFO - ServiceFinder - [EtcdSupport.py:353]: add service node info--> dispatcher_service: ('127.0.0.1', 9102)
2021-07-01 22:02:10,835 - INFO - ServiceFinder - [EtcdSupport.py:353]: add service node info--> dispatcher_service: ('127.0.0.1', 9100)
2021-07-01 22:02:10,836 - INFO - ServiceFinder - [EtcdSupport.py:353]: add service node info--> dispatcher_service: ('127.0.0.1', 9101)
2021-07-01 22:02:10,838 - INFO - ServiceFinder - [EtcdSupport.py:353]: add service node info--> lobby_server: ('127.0.0.1', 10002)
2021-07-01 22:02:10,839 - INFO - ServiceFinder - [EtcdSupport.py:302]: init service info from etcd success, will going to watch, at etcd index -> 393
2021-07-01 22:02:20,924 - INFO - TcpServer - [TcpServer.py:186]: ('127.0.0.1', 5477) is connected !!!!
2021-07-01 22:02:20,938 - INFO - ServerEntity.Avatar - [ServerEntity.py:25]: __init__ create entity Avatar with id 60ddcaec2df75fec4dcb65c6 mem_id=1671833424464
2021-07-01 22:02:20,940 - INFO - server.EntityManager - [EntityManager.py:139]: addentity  entity id  60ddcaec2df75fec4dcb65c6 
2021-07-01 22:02:20,944 - INFO - ServerEntity.Avatar - [CompAvatarTest.py:35]: self._cnt:39
2021-07-01 22:02:21,929 - INFO - ServerEntity.Avatar - [CompAvatarTest.py:35]: self._cnt:39
2021-07-01 22:02:22,939 - INFO - ServerEntity.Avatar - [CompAvatarTest.py:35]: self._cnt:39
2021-07-01 22:02:23,938 - INFO - ServerEntity.Avatar - [CompAvatarTest.py:35]: self._cnt:39
2021-07-01 22:02:24,939 - INFO - ServerEntity.Avatar - [CompAvatarTest.py:35]: self._cnt:39
2021-07-01 22:02:25,949 - INFO - ServerEntity.Avatar - [CompAvatarTest.py:35]: self._cnt:39
2021-07-01 22:02:26,972 - INFO - ServerEntity.Avatar - [CompAvatarTest.py:35]: self._cnt:39
2021-07-01 22:02:27,974 - INFO - ServerEntity.Avatar - [CompAvatarTest.py:35]: self._cnt:39
2021-07-01 22:02:28,952 - INFO - core.util.DbUtil - [DbUtil.py:33]: [DB] Establishing DB connection to: 127.0.0.1:27017 
2021-07-01 22:02:29,014 - INFO - ServerEntity.Avatar - [CompAvatarTest.py:35]: self._cnt:39
2021-07-01 22:02:29,999 - INFO - ServerEntity.Avatar - [CompAvatarTest.py:35]: self._cnt:39
2021-07-01 22:02:31,017 - INFO - ServerEntity.Avatar - [CompAvatarTest.py:35]: self._cnt:39
2021-07-01 22:02:32,021 - INFO - ServerEntity.Avatar - [CompAvatarTest.py:35]: self._cnt:39
2021-07-01 22:02:33,032 - INFO - ServerEntity.Avatar - [CompAvatarTest.py:35]: self._cnt:39
2021-07-01 22:02:34,030 - INFO - ServerEntity.Avatar - [CompAvatarTest.py:35]: self._cnt:39
2021-07-01 22:02:35,045 - INFO - ServerEntity.Avatar - [CompAvatarTest.py:35]: self._cnt:39
2021-07-01 22:02:36,071 - INFO - ServerEntity.Avatar - [CompAvatarTest.py:35]: self._cnt:39
2021-07-01 22:02:37,088 - INFO - ServerEntity.Avatar - [CompAvatarTest.py:35]: self._cnt:39
2021-07-01 22:02:38,085 - INFO - ServerEntity.Avatar - [CompAvatarTest.py:35]: self._cnt:39
2021-07-01 22:02:39,081 - INFO - ServerEntity.Avatar - [CompAvatarTest.py:35]: self._cnt:39
2021-07-01 22:02:39,861 - INFO - ServiceFinder - [EtcdSupport.py:464]: recv watch expire, info--> dispatcher_2: ('127.0.0.1', 9102) - [417]
2021-07-01 22:02:40,081 - INFO - ServerEntity.Avatar - [CompAvatarTest.py:35]: self._cnt:39
2021-07-01 22:02:40,362 - INFO - ServiceFinder - [EtcdSupport.py:464]: recv watch expire, info--> dispatcher_0: ('127.0.0.1', 9100) - [418]
2021-07-01 22:02:41,080 - INFO - ServerEntity.Avatar - [CompAvatarTest.py:35]: self._cnt:39
2021-07-01 22:02:42,078 - INFO - ServerEntity.Avatar - [CompAvatarTest.py:35]: self._cnt:39
2021-07-01 22:02:43,083 - INFO - ServerEntity.Avatar - [CompAvatarTest.py:35]: self._cnt:39
2021-07-01 22:02:44,081 - INFO - ServerEntity.Avatar - [CompAvatarTest.py:35]: self._cnt:39
2021-07-01 22:02:45,094 - INFO - ServerEntity.Avatar - [CompAvatarTest.py:35]: self._cnt:39
2021-07-01 22:02:46,093 - INFO - ServerEntity.Avatar - [CompAvatarTest.py:35]: self._cnt:39
2021-07-01 22:02:47,105 - INFO - ServerEntity.Avatar - [CompAvatarTest.py:35]: self._cnt:39
2021-07-01 22:02:48,121 - INFO - ServerEntity.Avatar - [CompAvatarTest.py:35]: self._cnt:39
2021-07-01 22:02:49,139 - INFO - ServerEntity.Avatar - [CompAvatarTest.py:35]: self._cnt:39
2021-07-01 22:02:50,153 - INFO - ServerEntity.Avatar - [CompAvatarTest.py:35]: self._cnt:39
2021-07-01 22:02:51,168 - INFO - ServerEntity.Avatar - [CompAvatarTest.py:35]: self._cnt:39
2021-07-01 22:02:52,183 - INFO - ServerEntity.Avatar - [CompAvatarTest.py:35]: self._cnt:39
2021-07-01 22:02:53,212 - INFO - ServerEntity.Avatar - [CompAvatarTest.py:35]: self._cnt:39
2021-07-01 22:02:54,211 - INFO - ServerEntity.Avatar - [CompAvatarTest.py:35]: self._cnt:39
2021-07-01 22:02:55,222 - INFO - ServerEntity.Avatar - [CompAvatarTest.py:35]: self._cnt:39
2021-07-01 22:02:56,221 - INFO - ServerEntity.Avatar - [CompAvatarTest.py:35]: self._cnt:39
2021-07-01 22:02:57,222 - INFO - ServerEntity.Avatar - [CompAvatarTest.py:35]: self._cnt:39
2021-07-01 22:02:58,226 - INFO - ServerEntity.Avatar - [CompAvatarTest.py:35]: self._cnt:39
2021-07-01 22:02:59,226 - INFO - ServerEntity.Avatar - [CompAvatarTest.py:35]: self._cnt:39
2021-07-01 22:03:00,224 - INFO - ServerEntity.Avatar - [CompAvatarTest.py:35]: self._cnt:39
2021-07-01 22:03:01,236 - INFO - ServerEntity.Avatar - [CompAvatarTest.py:35]: self._cnt:39
2021-07-01 22:03:02,251 - INFO - ServerEntity.Avatar - [CompAvatarTest.py:35]: self._cnt:39
2021-07-01 22:03:03,265 - INFO - ServerEntity.Avatar - [CompAvatarTest.py:35]: self._cnt:39
2021-07-01 22:03:04,272 - INFO - ServerEntity.Avatar - [CompAvatarTest.py:35]: self._cnt:39
2021-07-01 22:03:05,285 - INFO - ServerEntity.Avatar - [CompAvatarTest.py:35]: self._cnt:39
2021-07-01 22:03:06,294 - INFO - ServerEntity.Avatar - [CompAvatarTest.py:35]: self._cnt:39
2021-07-01 22:03:07,310 - INFO - ServerEntity.Avatar - [CompAvatarTest.py:35]: self._cnt:39
2021-07-01 22:03:08,336 - INFO - ServerEntity.Avatar - [CompAvatarTest.py:35]: self._cnt:39
2021-07-01 22:03:09,334 - INFO - ServerEntity.Avatar - [CompAvatarTest.py:35]: self._cnt:39
2021-07-01 22:03:10,332 - INFO - ServerEntity.Avatar - [CompAvatarTest.py:35]: self._cnt:39
2021-07-01 22:03:11,329 - INFO - ServerEntity.Avatar - [CompAvatarTest.py:35]: self._cnt:39
2021-07-01 22:03:12,327 - INFO - ServerEntity.Avatar - [CompAvatarTest.py:35]: self._cnt:39
2021-07-01 22:03:13,356 - INFO - ServerEntity.Avatar - [CompAvatarTest.py:35]: self._cnt:39
2021-07-01 22:03:14,351 - INFO - ServerEntity.Avatar - [CompAvatarTest.py:35]: self._cnt:39
2021-07-01 22:03:15,357 - INFO - ServerEntity.Avatar - [CompAvatarTest.py:35]: self._cnt:39
2021-07-01 22:03:16,371 - INFO - ServerEntity.Avatar - [CompAvatarTest.py:35]: self._cnt:39
2021-07-01 22:03:17,402 - INFO - ServerEntity.Avatar - [CompAvatarTest.py:35]: self._cnt:39
2021-07-01 22:03:18,418 - INFO - ServerEntity.Avatar - [CompAvatarTest.py:35]: self._cnt:39
2021-07-01 22:03:19,421 - INFO - ServerEntity.Avatar - [CompAvatarTest.py:35]: self._cnt:39
2021-07-01 22:03:20,446 - INFO - ServerEntity.Avatar - [CompAvatarTest.py:35]: self._cnt:39
2021-07-01 22:03:21,485 - INFO - ServerEntity.Avatar - [CompAvatarTest.py:35]: self._cnt:39
2021-07-01 22:03:22,474 - INFO - ServerEntity.Avatar - [CompAvatarTest.py:35]: self._cnt:39
2021-07-01 22:03:23,471 - INFO - ServerEntity.Avatar - [CompAvatarTest.py:35]: self._cnt:39
2021-07-01 22:03:24,481 - INFO - ServerEntity.Avatar - [CompAvatarTest.py:35]: self._cnt:39
2021-07-01 22:03:25,512 - INFO - ServerEntity.Avatar - [CompAvatarTest.py:35]: self._cnt:39
2021-07-01 22:03:26,540 - INFO - ServerEntity.Avatar - [CompAvatarTest.py:35]: self._cnt:39
2021-07-01 22:03:27,539 - INFO - ServerEntity.Avatar - [CompAvatarTest.py:35]: self._cnt:39
2021-07-01 22:03:28,538 - INFO - ServerEntity.Avatar - [CompAvatarTest.py:35]: self._cnt:39
2021-07-01 22:03:29,536 - INFO - ServerEntity.Avatar - [CompAvatarTest.py:35]: self._cnt:39
2021-07-01 22:03:30,545 - INFO - ServerEntity.Avatar - [CompAvatarTest.py:35]: self._cnt:39
2021-07-01 22:03:31,563 - INFO - ServerEntity.Avatar - [CompAvatarTest.py:35]: self._cnt:39
2021-07-01 22:03:32,575 - INFO - ServerEntity.Avatar - [CompAvatarTest.py:35]: self._cnt:39
2021-07-01 22:03:33,590 - INFO - ServerEntity.Avatar - [CompAvatarTest.py:35]: self._cnt:39
2021-07-01 22:03:34,587 - INFO - ServerEntity.Avatar - [CompAvatarTest.py:35]: self._cnt:39
2021-07-01 22:03:35,592 - INFO - ServerEntity.Avatar - [CompAvatarTest.py:35]: self._cnt:39
2021-07-01 22:03:36,602 - INFO - ServerEntity.Avatar - [CompAvatarTest.py:35]: self._cnt:39
2021-07-01 22:03:37,613 - INFO - ServerEntity.Avatar - [CompAvatarTest.py:35]: self._cnt:39
2021-07-01 22:03:38,615 - INFO - ServerEntity.Avatar - [CompAvatarTest.py:35]: self._cnt:39
2021-07-01 22:03:39,625 - INFO - ServerEntity.Avatar - [CompAvatarTest.py:35]: self._cnt:39
2021-07-01 22:03:40,623 - INFO - ServerEntity.Avatar - [CompAvatarTest.py:35]: self._cnt:39
2021-07-01 22:03:41,647 - INFO - ServerEntity.Avatar - [CompAvatarTest.py:35]: self._cnt:39
2021-07-01 22:03:42,655 - INFO - ServerEntity.Avatar - [CompAvatarTest.py:35]: self._cnt:39
2021-07-01 22:03:43,681 - INFO - ServerEntity.Avatar - [CompAvatarTest.py:35]: self._cnt:39
2021-07-01 22:03:44,678 - INFO - ServerEntity.Avatar - [CompAvatarTest.py:35]: self._cnt:39
2021-07-01 22:03:45,684 - INFO - ServerEntity.Avatar - [CompAvatarTest.py:35]: self._cnt:39
2021-07-01 22:03:46,695 - INFO - ServerEntity.Avatar - [CompAvatarTest.py:35]: self._cnt:39
2021-07-01 22:03:47,703 - INFO - ServerEntity.Avatar - [CompAvatarTest.py:35]: self._cnt:39
2021-07-01 22:03:48,714 - INFO - ServerEntity.Avatar - [CompAvatarTest.py:35]: self._cnt:39
2021-07-01 22:03:49,729 - INFO - ServerEntity.Avatar - [CompAvatarTest.py:35]: self._cnt:39
2021-07-01 22:03:50,742 - INFO - ServerEntity.Avatar - [CompAvatarTest.py:35]: self._cnt:39
2021-07-01 22:03:51,741 - INFO - ServerEntity.Avatar - [CompAvatarTest.py:35]: self._cnt:39
2021-07-01 22:03:52,756 - INFO - ServerEntity.Avatar - [CompAvatarTest.py:35]: self._cnt:39
2021-07-01 22:03:53,770 - INFO - ServerEntity.Avatar - [CompAvatarTest.py:35]: self._cnt:39
2021-07-01 22:03:54,782 - INFO - ServerEntity.Avatar - [CompAvatarTest.py:35]: self._cnt:39
2021-07-01 22:03:55,781 - INFO - ServerEntity.Avatar - [CompAvatarTest.py:35]: self._cnt:39
2021-07-01 22:03:56,807 - INFO - ServerEntity.Avatar - [CompAvatarTest.py:35]: self._cnt:39
2021-07-01 22:03:57,815 - INFO - ServerEntity.Avatar - [CompAvatarTest.py:35]: self._cnt:39
2021-07-01 22:03:58,825 - INFO - ServerEntity.Avatar - [CompAvatarTest.py:35]: self._cnt:39
2021-07-01 22:03:59,842 - INFO - ServerEntity.Avatar - [CompAvatarTest.py:35]: self._cnt:39
2021-07-01 22:04:00,851 - INFO - ServerEntity.Avatar - [CompAvatarTest.py:35]: self._cnt:39
2021-07-01 22:04:01,863 - INFO - ServerEntity.Avatar - [CompAvatarTest.py:35]: self._cnt:39
2021-07-01 22:04:02,876 - INFO - ServerEntity.Avatar - [CompAvatarTest.py:35]: self._cnt:39
2021-07-01 22:04:03,879 - INFO - ServerEntity.Avatar - [CompAvatarTest.py:35]: self._cnt:39
2021-07-01 22:04:04,880 - INFO - ServerEntity.Avatar - [CompAvatarTest.py:35]: self._cnt:39
2021-07-01 22:04:05,877 - INFO - ServerEntity.Avatar - [CompAvatarTest.py:35]: self._cnt:39
2021-07-01 22:04:06,880 - INFO - ServerEntity.Avatar - [CompAvatarTest.py:35]: self._cnt:39
2021-07-01 22:04:07,894 - INFO - ServerEntity.Avatar - [CompAvatarTest.py:35]: self._cnt:39
2021-07-01 22:04:08,896 - INFO - ServerEntity.Avatar - [CompAvatarTest.py:35]: self._cnt:39
2021-07-01 22:04:09,907 - INFO - ServerEntity.Avatar - [CompAvatarTest.py:35]: self._cnt:39
2021-07-01 22:04:10,905 - INFO - ServerEntity.Avatar - [CompAvatarTest.py:35]: self._cnt:39
2021-07-01 22:04:11,906 - INFO - ServerEntity.Avatar - [CompAvatarTest.py:35]: self._cnt:39
2021-07-01 22:04:12,919 - INFO - ServerEntity.Avatar - [CompAvatarTest.py:35]: self._cnt:39
2021-07-01 22:04:13,931 - INFO - ServerEntity.Avatar - [CompAvatarTest.py:35]: self._cnt:39
2021-07-01 22:04:14,941 - INFO - ServerEntity.Avatar - [CompAvatarTest.py:35]: self._cnt:39
2021-07-01 22:04:15,956 - INFO - ServerEntity.Avatar - [CompAvatarTest.py:35]: self._cnt:39
2021-07-01 22:04:16,956 - INFO - ServerEntity.Avatar - [CompAvatarTest.py:35]: self._cnt:39
2021-07-01 22:04:17,971 - INFO - ServerEntity.Avatar - [CompAvatarTest.py:35]: self._cnt:39
2021-07-01 22:04:18,977 - INFO - ServerEntity.Avatar - [CompAvatarTest.py:35]: self._cnt:39
2021-07-01 22:04:19,972 - INFO - ServerEntity.Avatar - [CompAvatarTest.py:35]: self._cnt:39
2021-07-01 22:04:20,988 - INFO - ServerEntity.Avatar - [CompAvatarTest.py:35]: self._cnt:39
2021-07-01 22:04:21,994 - INFO - ServerEntity.Avatar - [CompAvatarTest.py:35]: self._cnt:39
2021-07-01 22:04:23,007 - INFO - ServerEntity.Avatar - [CompAvatarTest.py:35]: self._cnt:39
2021-07-01 22:04:24,005 - INFO - ServerEntity.Avatar - [CompAvatarTest.py:35]: self._cnt:39
2021-07-01 22:04:25,003 - INFO - ServerEntity.Avatar - [CompAvatarTest.py:35]: self._cnt:39
2021-07-01 22:04:26,015 - INFO - ServerEntity.Avatar - [CompAvatarTest.py:35]: self._cnt:39
2021-07-01 22:04:27,031 - INFO - ServerEntity.Avatar - [CompAvatarTest.py:35]: self._cnt:39
2021-07-01 22:04:28,059 - INFO - ServerEntity.Avatar - [CompAvatarTest.py:35]: self._cnt:39
2021-07-01 22:04:29,051 - INFO - ServerEntity.Avatar - [CompAvatarTest.py:35]: self._cnt:39
2021-07-01 22:04:30,053 - INFO - ServerEntity.Avatar - [CompAvatarTest.py:35]: self._cnt:39
2021-07-01 22:04:31,067 - INFO - ServerEntity.Avatar - [CompAvatarTest.py:35]: self._cnt:39
2021-07-01 22:04:32,071 - INFO - ServerEntity.Avatar - [CompAvatarTest.py:35]: self._cnt:39
2021-07-01 22:04:33,078 - INFO - ServerEntity.Avatar - [CompAvatarTest.py:35]: self._cnt:39
2021-07-01 22:04:34,094 - INFO - ServerEntity.Avatar - [CompAvatarTest.py:35]: self._cnt:39
2021-07-01 22:04:35,103 - INFO - ServerEntity.Avatar - [CompAvatarTest.py:35]: self._cnt:39
2021-07-01 22:04:36,114 - INFO - ServerEntity.Avatar - [CompAvatarTest.py:35]: self._cnt:39
2021-07-01 22:04:37,135 - INFO - ServerEntity.Avatar - [CompAvatarTest.py:35]: self._cnt:39
2021-07-01 22:04:38,147 - INFO - ServerEntity.Avatar - [CompAvatarTest.py:35]: self._cnt:39
2021-07-01 22:04:39,161 - INFO - ServerEntity.Avatar - [CompAvatarTest.py:35]: self._cnt:39
2021-07-01 22:04:40,157 - INFO - ServerEntity.Avatar - [CompAvatarTest.py:35]: self._cnt:39
2021-07-01 22:04:41,165 - INFO - ServerEntity.Avatar - [CompAvatarTest.py:35]: self._cnt:39
2021-07-01 22:04:42,175 - INFO - ServerEntity.Avatar - [CompAvatarTest.py:35]: self._cnt:39
2021-07-01 22:04:43,176 - INFO - ServerEntity.Avatar - [CompAvatarTest.py:35]: self._cnt:39
2021-07-01 22:04:44,186 - INFO - ServerEntity.Avatar - [CompAvatarTest.py:35]: self._cnt:39
2021-07-01 22:04:45,212 - INFO - ServerEntity.Avatar - [CompAvatarTest.py:35]: self._cnt:39
2021-07-01 22:04:46,215 - INFO - ServerEntity.Avatar - [CompAvatarTest.py:35]: self._cnt:39
2021-07-01 22:04:47,213 - INFO - ServerEntity.Avatar - [CompAvatarTest.py:35]: self._cnt:39
2021-07-01 22:04:48,212 - INFO - ServerEntity.Avatar - [CompAvatarTest.py:35]: self._cnt:39
2021-07-01 22:04:49,223 - INFO - ServerEntity.Avatar - [CompAvatarTest.py:35]: self._cnt:39
2021-07-01 22:04:50,237 - INFO - ServerEntity.Avatar - [CompAvatarTest.py:35]: self._cnt:39
2021-07-01 22:04:51,246 - INFO - ServerEntity.Avatar - [CompAvatarTest.py:35]: self._cnt:39
2021-07-01 22:04:52,267 - INFO - ServerEntity.Avatar - [CompAvatarTest.py:35]: self._cnt:39
2021-07-01 22:04:53,285 - INFO - ServerEntity.Avatar - [CompAvatarTest.py:35]: self._cnt:39
2021-07-01 22:04:54,296 - INFO - ServerEntity.Avatar - [CompAvatarTest.py:35]: self._cnt:39
2021-07-01 22:04:55,310 - INFO - ServerEntity.Avatar - [CompAvatarTest.py:35]: self._cnt:39
2021-07-01 22:04:56,328 - INFO - ServerEntity.Avatar - [CompAvatarTest.py:35]: self._cnt:39
2021-07-01 22:04:57,341 - INFO - ServerEntity.Avatar - [CompAvatarTest.py:35]: self._cnt:39
2021-07-01 22:04:58,351 - INFO - ServerEntity.Avatar - [CompAvatarTest.py:35]: self._cnt:39
2021-07-01 22:04:59,347 - INFO - ServerEntity.Avatar - [CompAvatarTest.py:35]: self._cnt:39
2021-07-01 22:05:00,346 - INFO - ServerEntity.Avatar - [CompAvatarTest.py:35]: self._cnt:39
2021-07-01 22:05:01,359 - INFO - ServerEntity.Avatar - [CompAvatarTest.py:35]: self._cnt:39
2021-07-01 22:05:02,357 - INFO - ServerEntity.Avatar - [CompAvatarTest.py:35]: self._cnt:39
2021-07-01 22:05:03,382 - INFO - ServerEntity.Avatar - [CompAvatarTest.py:35]: self._cnt:39
2021-07-01 22:05:04,394 - INFO - ServerEntity.Avatar - [CompAvatarTest.py:35]: self._cnt:39
2021-07-01 22:05:05,407 - INFO - ServerEntity.Avatar - [CompAvatarTest.py:35]: self._cnt:39
2021-07-01 22:05:06,405 - INFO - ServerEntity.Avatar - [CompAvatarTest.py:35]: self._cnt:39
2021-07-01 22:05:07,418 - INFO - ServerEntity.Avatar - [CompAvatarTest.py:35]: self._cnt:39
2021-07-01 22:05:08,434 - INFO - ServerEntity.Avatar - [CompAvatarTest.py:35]: self._cnt:39
2021-07-01 22:05:09,450 - INFO - ServerEntity.Avatar - [CompAvatarTest.py:35]: self._cnt:39
2021-07-01 22:05:10,467 - INFO - ServerEntity.Avatar - [CompAvatarTest.py:35]: self._cnt:39
2021-07-01 22:05:11,481 - INFO - ServerEntity.Avatar - [CompAvatarTest.py:35]: self._cnt:39
2021-07-01 22:05:12,497 - INFO - ServerEntity.Avatar - [CompAvatarTest.py:35]: self._cnt:39
2021-07-01 22:05:13,514 - INFO - ServerEntity.Avatar - [CompAvatarTest.py:35]: self._cnt:39
2021-07-01 22:05:14,532 - INFO - ServerEntity.Avatar - [CompAvatarTest.py:35]: self._cnt:39
2021-07-01 22:05:15,535 - INFO - ServerEntity.Avatar - [CompAvatarTest.py:35]: self._cnt:39
2021-07-01 22:05:16,544 - INFO - ServerEntity.Avatar - [CompAvatarTest.py:35]: self._cnt:39
2021-07-01 22:05:17,560 - INFO - ServerEntity.Avatar - [CompAvatarTest.py:35]: self._cnt:39
2021-07-01 22:05:18,577 - INFO - ServerEntity.Avatar - [CompAvatarTest.py:35]: self._cnt:39
2021-07-01 22:05:19,590 - INFO - ServerEntity.Avatar - [CompAvatarTest.py:35]: self._cnt:39
2021-07-01 22:05:20,595 - INFO - ServerEntity.Avatar - [CompAvatarTest.py:35]: self._cnt:39
2021-07-01 22:05:21,594 - INFO - ServerEntity.Avatar - [CompAvatarTest.py:35]: self._cnt:39
2021-07-01 22:05:22,602 - INFO - ServerEntity.Avatar - [CompAvatarTest.py:35]: self._cnt:39
2021-07-01 22:05:23,601 - INFO - ServerEntity.Avatar - [CompAvatarTest.py:35]: self._cnt:39
2021-07-01 22:05:24,611 - INFO - ServerEntity.Avatar - [CompAvatarTest.py:35]: self._cnt:39
2021-07-01 22:05:25,626 - INFO - ServerEntity.Avatar - [CompAvatarTest.py:35]: self._cnt:39
2021-07-01 22:05:26,626 - INFO - ServerEntity.Avatar - [CompAvatarTest.py:35]: self._cnt:39
2021-07-01 22:05:27,628 - INFO - ServerEntity.Avatar - [CompAvatarTest.py:35]: self._cnt:39
2021-07-01 22:05:28,636 - INFO - ServerEntity.Avatar - [CompAvatarTest.py:35]: self._cnt:39
2021-07-01 22:05:29,634 - INFO - ServerEntity.Avatar - [CompAvatarTest.py:35]: self._cnt:39
2021-07-01 22:05:30,633 - INFO - ServerEntity.Avatar - [CompAvatarTest.py:35]: self._cnt:39
2021-07-01 22:05:31,644 - INFO - ServerEntity.Avatar - [CompAvatarTest.py:35]: self._cnt:39
2021-07-01 22:05:32,660 - INFO - ServerEntity.Avatar - [CompAvatarTest.py:35]: self._cnt:39
2021-07-01 22:05:33,674 - INFO - ServerEntity.Avatar - [CompAvatarTest.py:35]: self._cnt:39
2021-07-01 22:05:34,673 - INFO - ServerEntity.Avatar - [CompAvatarTest.py:35]: self._cnt:39
2021-07-01 22:05:35,672 - INFO - ServerEntity.Avatar - [CompAvatarTest.py:35]: self._cnt:39
2021-07-01 22:05:36,690 - INFO - ServerEntity.Avatar - [CompAvatarTest.py:35]: self._cnt:39
2021-07-01 22:05:37,701 - INFO - ServerEntity.Avatar - [CompAvatarTest.py:35]: self._cnt:39
2021-07-01 22:05:38,719 - INFO - ServerEntity.Avatar - [CompAvatarTest.py:35]: self._cnt:39
2021-07-01 22:05:39,733 - INFO - ServerEntity.Avatar - [CompAvatarTest.py:35]: self._cnt:39
2021-07-01 22:05:40,758 - INFO - ServerEntity.Avatar - [CompAvatarTest.py:35]: self._cnt:39
2021-07-01 22:05:41,760 - INFO - ServerEntity.Avatar - [CompAvatarTest.py:35]: self._cnt:39
2021-07-01 22:05:42,766 - INFO - ServerEntity.Avatar - [CompAvatarTest.py:35]: self._cnt:39
2021-07-01 22:05:43,778 - INFO - ServerEntity.Avatar - [CompAvatarTest.py:35]: self._cnt:39
2021-07-01 22:05:44,796 - INFO - ServerEntity.Avatar - [CompAvatarTest.py:35]: self._cnt:39
2021-07-01 22:05:45,808 - INFO - ServerEntity.Avatar - [CompAvatarTest.py:35]: self._cnt:39
2021-07-01 22:05:46,807 - INFO - ServerEntity.Avatar - [CompAvatarTest.py:35]: self._cnt:39
2021-07-01 22:05:47,809 - INFO - ServerEntity.Avatar - [CompAvatarTest.py:35]: self._cnt:39
2021-07-01 22:05:48,824 - INFO - ServerEntity.Avatar - [CompAvatarTest.py:35]: self._cnt:39
2021-07-01 22:05:49,834 - INFO - ServerEntity.Avatar - [CompAvatarTest.py:35]: self._cnt:39
2021-07-01 22:05:50,830 - INFO - ServerEntity.Avatar - [CompAvatarTest.py:35]: self._cnt:39
2021-07-01 22:05:51,829 - INFO - ServerEntity.Avatar - [CompAvatarTest.py:35]: self._cnt:39
2021-07-01 22:05:52,827 - INFO - ServerEntity.Avatar - [CompAvatarTest.py:35]: self._cnt:39
2021-07-01 22:05:53,840 - INFO - ServerEntity.Avatar - [CompAvatarTest.py:35]: self._cnt:39
2021-07-01 22:05:54,853 - INFO - ServerEntity.Avatar - [CompAvatarTest.py:35]: self._cnt:39
2021-07-01 22:05:55,852 - INFO - ServerEntity.Avatar - [CompAvatarTest.py:35]: self._cnt:39
2021-07-01 22:05:56,849 - INFO - ServerEntity.Avatar - [CompAvatarTest.py:35]: self._cnt:39
2021-07-01 22:05:57,864 - INFO - ServerEntity.Avatar - [CompAvatarTest.py:35]: self._cnt:39
2021-07-01 22:05:58,871 - INFO - ServerEntity.Avatar - [CompAvatarTest.py:35]: self._cnt:39
2021-07-01 22:05:59,897 - INFO - ServerEntity.Avatar - [CompAvatarTest.py:35]: self._cnt:39
2021-07-01 22:06:00,896 - INFO - ServerEntity.Avatar - [CompAvatarTest.py:35]: self._cnt:39
2021-07-01 22:06:01,894 - INFO - ServerEntity.Avatar - [CompAvatarTest.py:35]: self._cnt:39
2021-07-01 22:06:02,895 - INFO - ServerEntity.Avatar - [CompAvatarTest.py:35]: self._cnt:39
2021-07-01 22:06:03,907 - INFO - ServerEntity.Avatar - [CompAvatarTest.py:35]: self._cnt:39
2021-07-01 22:06:04,905 - INFO - ServerEntity.Avatar - [CompAvatarTest.py:35]: self._cnt:39
2021-07-01 22:06:05,919 - INFO - ServerEntity.Avatar - [CompAvatarTest.py:35]: self._cnt:39
2021-07-01 22:06:06,944 - INFO - ServerEntity.Avatar - [CompAvatarTest.py:35]: self._cnt:39
2021-07-01 22:06:07,942 - INFO - ServerEntity.Avatar - [CompAvatarTest.py:35]: self._cnt:39
2021-07-01 22:06:08,940 - INFO - ServerEntity.Avatar - [CompAvatarTest.py:35]: self._cnt:39
2021-07-01 22:06:09,937 - INFO - ServerEntity.Avatar - [CompAvatarTest.py:35]: self._cnt:39
2021-07-01 22:06:10,937 - INFO - ServerEntity.Avatar - [CompAvatarTest.py:35]: self._cnt:39
2021-07-01 22:06:11,960 - INFO - ServerEntity.Avatar - [CompAvatarTest.py:35]: self._cnt:39
2021-07-01 22:06:12,956 - INFO - ServerEntity.Avatar - [CompAvatarTest.py:35]: self._cnt:39
2021-07-01 22:06:13,966 - INFO - ServerEntity.Avatar - [CompAvatarTest.py:35]: self._cnt:39
2021-07-01 22:06:14,981 - INFO - ServerEntity.Avatar - [CompAvatarTest.py:35]: self._cnt:39
2021-07-01 22:06:16,006 - INFO - ServerEntity.Avatar - [CompAvatarTest.py:35]: self._cnt:39
2021-07-01 22:06:17,006 - INFO - ServerEntity.Avatar - [CompAvatarTest.py:35]: self._cnt:39
