2021-07-04 00:57:51,472 - INFO - ServiceNode - [EtcdSupport.py:549]: we have create ServiceRegister
2021-07-04 00:57:51,474 - INFO - ServiceNode - [EtcdSupport.py:552]: we have create ServiceFinder
2021-07-04 00:57:51,481 - INFO - TcpServer - [TcpServer.py:127]: Server on ('127.0.0.1', 10003)
2021-07-04 00:57:54,494 - INFO - ServiceFinder - [EtcdSupport.py:382]: _init_info, now_url: http://127.0.0.1:2379/v2/keys?recursive=true
2021-07-04 00:57:54,498 - INFO - ServiceFinder - [EtcdSupport.py:353]: add service node info--> lobby_server: ('127.0.0.1', 10003)
2021-07-04 00:57:54,500 - INFO - ServiceFinder - [EtcdSupport.py:353]: add service node info--> lobby_server: ('127.0.0.1', 10002)
2021-07-04 00:57:54,501 - INFO - ServiceFinder - [EtcdSupport.py:353]: add service node info--> lobby_server: ('127.0.0.1', 10001)
2021-07-04 00:57:54,502 - INFO - ServiceFinder - [EtcdSupport.py:353]: add service node info--> dispatcher_service: ('127.0.0.1', 9100)
2021-07-04 00:57:54,503 - INFO - ServiceFinder - [EtcdSupport.py:353]: add service node info--> lobby_gate: ('127.0.0.1', 9201)
2021-07-04 00:57:54,504 - INFO - ServiceFinder - [EtcdSupport.py:353]: add service node info--> lobby_gate: ('127.0.0.1', 9202)
2021-07-04 00:57:54,506 - INFO - ServiceFinder - [EtcdSupport.py:353]: add service node info--> lobby_gate: ('127.0.0.1', 9203)
2021-07-04 00:57:54,507 - INFO - ServiceFinder - [EtcdSupport.py:302]: init service info from etcd success, will going to watch, at etcd index -> 1349
2021-07-04 00:58:02,120 - INFO - TcpServerProtocol - [TcpServer.py:89]: ('127.0.0.1', 10916) is connected !!!!
2021-07-04 00:58:02,144 - INFO - ServerEntity.Avatar - [ServerEntity.py:25]: __init__ create entity Avatar with id 60e0971a516e31b61ba76f8e mem_id=2137371448512
2021-07-04 00:58:02,148 - INFO - server.EntityManager - [EntityManager.py:139]: addentity  entity id  60e0971a516e31b61ba76f8e 
2021-07-04 00:58:02,157 - INFO - ServerEntity.Avatar - [CompAvatarTest.py:35]: self._cnt:45
2021-07-04 00:58:03,126 - INFO - ServerEntity.Avatar - [CompAvatarTest.py:35]: self._cnt:45
2021-07-04 00:58:04,138 - INFO - ServerEntity.Avatar - [CompAvatarTest.py:35]: self._cnt:45
2021-07-04 00:58:04,935 - INFO - ServerEntity.Avatar - [ServerEntity.py:25]: __init__ create entity Avatar with id 60e0971c516e31b61ba76f90 mem_id=2137372995344
2021-07-04 00:58:04,937 - INFO - server.EntityManager - [EntityManager.py:139]: addentity  entity id  60e0971c516e31b61ba76f90 
2021-07-04 00:58:04,941 - INFO - ServerEntity.Avatar - [CompAvatarTest.py:35]: self._cnt:22
2021-07-04 00:58:05,145 - INFO - ServerEntity.Avatar - [CompAvatarTest.py:35]: self._cnt:45
2021-07-04 00:58:05,938 - INFO - ServerEntity.Avatar - [CompAvatarTest.py:35]: self._cnt:22
2021-07-04 00:58:06,154 - INFO - ServerEntity.Avatar - [CompAvatarTest.py:35]: self._cnt:45
2021-07-04 00:58:06,952 - INFO - ServerEntity.Avatar - [CompAvatarTest.py:35]: self._cnt:22
2021-07-04 00:58:07,156 - INFO - ServerEntity.Avatar - [CompAvatarTest.py:35]: self._cnt:45
2021-07-04 00:58:07,951 - INFO - ServerEntity.Avatar - [CompAvatarTest.py:35]: self._cnt:22
2021-07-04 00:58:08,167 - INFO - ServerEntity.Avatar - [CompAvatarTest.py:35]: self._cnt:45
2021-07-04 00:58:08,956 - INFO - ServerEntity.Avatar - [CompAvatarTest.py:35]: self._cnt:22
2021-07-04 00:58:09,175 - INFO - ServerEntity.Avatar - [CompAvatarTest.py:35]: self._cnt:45
2021-07-04 00:58:09,980 - INFO - ServerEntity.Avatar - [CompAvatarTest.py:35]: self._cnt:22
2021-07-04 00:58:10,149 - INFO - core.util.DbUtil - [DbUtil.py:33]: [DB] Establishing DB connection to: 127.0.0.1:27017 
2021-07-04 00:58:10,200 - INFO - ServerEntity.Avatar - [CompAvatarTest.py:35]: self._cnt:45
2021-07-04 00:58:10,978 - INFO - ServerEntity.Avatar - [CompAvatarTest.py:35]: self._cnt:22
2021-07-04 00:58:11,210 - INFO - ServerEntity.Avatar - [CompAvatarTest.py:35]: self._cnt:45
2021-07-04 00:58:11,986 - INFO - ServerEntity.Avatar - [CompAvatarTest.py:35]: self._cnt:22
2021-07-04 00:58:12,235 - INFO - ServerEntity.Avatar - [CompAvatarTest.py:35]: self._cnt:45
2021-07-04 00:58:13,011 - INFO - ServerEntity.Avatar - [CompAvatarTest.py:35]: self._cnt:22
2021-07-04 00:58:13,247 - INFO - ServerEntity.Avatar - [CompAvatarTest.py:35]: self._cnt:45
2021-07-04 00:58:14,009 - INFO - ServerEntity.Avatar - [CompAvatarTest.py:35]: self._cnt:22
2021-07-04 00:58:14,261 - INFO - ServerEntity.Avatar - [CompAvatarTest.py:35]: self._cnt:45
2021-07-04 00:58:15,006 - INFO - ServerEntity.Avatar - [CompAvatarTest.py:35]: self._cnt:22
2021-07-04 00:58:15,269 - INFO - ServerEntity.Avatar - [CompAvatarTest.py:35]: self._cnt:45
2021-07-04 00:58:16,031 - INFO - ServerEntity.Avatar - [CompAvatarTest.py:35]: self._cnt:22
2021-07-04 00:58:16,294 - INFO - ServerEntity.Avatar - [CompAvatarTest.py:35]: self._cnt:45
2021-07-04 00:58:17,039 - INFO - ServerEntity.Avatar - [CompAvatarTest.py:35]: self._cnt:22
2021-07-04 00:58:17,305 - INFO - ServerEntity.Avatar - [CompAvatarTest.py:35]: self._cnt:45
2021-07-04 00:58:18,037 - INFO - ServerEntity.Avatar - [CompAvatarTest.py:35]: self._cnt:22
2021-07-04 00:58:18,318 - INFO - ServerEntity.Avatar - [CompAvatarTest.py:35]: self._cnt:45
2021-07-04 00:58:19,049 - INFO - ServerEntity.Avatar - [CompAvatarTest.py:35]: self._cnt:22
2021-07-04 00:58:19,342 - INFO - ServerEntity.Avatar - [CompAvatarTest.py:35]: self._cnt:45
2021-07-04 00:58:20,073 - INFO - ServerEntity.Avatar - [CompAvatarTest.py:35]: self._cnt:22
2021-07-04 00:58:20,351 - INFO - ServerEntity.Avatar - [CompAvatarTest.py:35]: self._cnt:45
2021-07-04 00:58:21,084 - INFO - ServerEntity.Avatar - [CompAvatarTest.py:35]: self._cnt:22
2021-07-04 00:58:21,349 - INFO - ServerEntity.Avatar - [CompAvatarTest.py:35]: self._cnt:45
2021-07-04 00:58:22,098 - INFO - ServerEntity.Avatar - [CompAvatarTest.py:35]: self._cnt:22
2021-07-04 00:58:22,364 - INFO - ServerEntity.Avatar - [CompAvatarTest.py:35]: self._cnt:45
2021-07-04 00:58:23,125 - INFO - ServerEntity.Avatar - [CompAvatarTest.py:35]: self._cnt:22
2021-07-04 00:58:23,389 - INFO - ServerEntity.Avatar - [CompAvatarTest.py:35]: self._cnt:45
2021-07-04 00:58:24,132 - INFO - ServerEntity.Avatar - [CompAvatarTest.py:35]: self._cnt:22
2021-07-04 00:58:24,398 - INFO - ServerEntity.Avatar - [CompAvatarTest.py:35]: self._cnt:45
2021-07-04 00:58:25,131 - INFO - ServerEntity.Avatar - [CompAvatarTest.py:35]: self._cnt:22
2021-07-04 00:58:25,410 - INFO - ServerEntity.Avatar - [CompAvatarTest.py:35]: self._cnt:45
2021-07-04 00:58:26,144 - INFO - ServerEntity.Avatar - [CompAvatarTest.py:35]: self._cnt:22
2021-07-04 00:58:26,439 - INFO - ServerEntity.Avatar - [CompAvatarTest.py:35]: self._cnt:45
2021-07-04 00:58:27,166 - INFO - ServerEntity.Avatar - [CompAvatarTest.py:35]: self._cnt:22
2021-07-04 00:58:27,462 - INFO - ServerEntity.Avatar - [CompAvatarTest.py:35]: self._cnt:45
2021-07-04 00:58:28,163 - INFO - ServerEntity.Avatar - [CompAvatarTest.py:35]: self._cnt:22
2021-07-04 00:58:28,460 - INFO - ServerEntity.Avatar - [CompAvatarTest.py:35]: self._cnt:45
2021-07-04 00:58:29,175 - INFO - ServerEntity.Avatar - [CompAvatarTest.py:35]: self._cnt:22
2021-07-04 00:58:29,484 - INFO - ServerEntity.Avatar - [CompAvatarTest.py:35]: self._cnt:45
2021-07-04 00:58:30,188 - INFO - ServerEntity.Avatar - [CompAvatarTest.py:35]: self._cnt:22
2021-07-04 00:58:30,496 - INFO - ServerEntity.Avatar - [CompAvatarTest.py:35]: self._cnt:45
2021-07-04 00:58:31,195 - INFO - ServerEntity.Avatar - [CompAvatarTest.py:35]: self._cnt:22
2021-07-04 00:58:31,503 - INFO - ServerEntity.Avatar - [CompAvatarTest.py:35]: self._cnt:45
2021-07-04 00:58:32,200 - INFO - ServerEntity.Avatar - [CompAvatarTest.py:35]: self._cnt:22
2021-07-04 00:58:32,526 - INFO - ServerEntity.Avatar - [CompAvatarTest.py:35]: self._cnt:45
2021-07-04 00:58:33,209 - INFO - ServerEntity.Avatar - [CompAvatarTest.py:35]: self._cnt:22
2021-07-04 00:58:33,536 - INFO - ServerEntity.Avatar - [CompAvatarTest.py:35]: self._cnt:45
2021-07-04 00:58:34,222 - INFO - ServerEntity.Avatar - [CompAvatarTest.py:35]: self._cnt:22
2021-07-04 00:58:34,547 - INFO - ServerEntity.Avatar - [CompAvatarTest.py:35]: self._cnt:45
2021-07-04 00:58:35,245 - INFO - ServerEntity.Avatar - [CompAvatarTest.py:35]: self._cnt:22
2021-07-04 00:58:35,554 - INFO - ServerEntity.Avatar - [CompAvatarTest.py:35]: self._cnt:45
2021-07-04 00:58:36,252 - INFO - ServerEntity.Avatar - [CompAvatarTest.py:35]: self._cnt:22
2021-07-04 00:58:36,566 - INFO - ServerEntity.Avatar - [CompAvatarTest.py:35]: self._cnt:45
2021-07-04 00:58:37,277 - INFO - ServerEntity.Avatar - [CompAvatarTest.py:35]: self._cnt:22
2021-07-04 00:58:37,584 - INFO - ServerEntity.Avatar - [CompAvatarTest.py:35]: self._cnt:45
2021-07-04 00:58:38,281 - INFO - ServerEntity.Avatar - [CompAvatarTest.py:35]: self._cnt:22
2021-07-04 00:58:38,607 - INFO - ServerEntity.Avatar - [CompAvatarTest.py:35]: self._cnt:45
2021-07-04 00:58:39,275 - INFO - ServerEntity.Avatar - [CompAvatarTest.py:35]: self._cnt:22
2021-07-04 00:58:39,617 - INFO - ServerEntity.Avatar - [CompAvatarTest.py:35]: self._cnt:45
2021-07-04 00:58:40,286 - INFO - ServerEntity.Avatar - [CompAvatarTest.py:35]: self._cnt:22
2021-07-04 00:58:40,629 - INFO - ServerEntity.Avatar - [CompAvatarTest.py:35]: self._cnt:45
2021-07-04 00:58:41,312 - INFO - ServerEntity.Avatar - [CompAvatarTest.py:35]: self._cnt:22
2021-07-04 00:58:41,640 - INFO - ServerEntity.Avatar - [CompAvatarTest.py:35]: self._cnt:45
2021-07-04 00:58:42,306 - INFO - ServerEntity.Avatar - [CompAvatarTest.py:35]: self._cnt:22
2021-07-04 00:58:42,647 - INFO - ServerEntity.Avatar - [CompAvatarTest.py:35]: self._cnt:45
2021-07-04 00:58:43,316 - INFO - ServerEntity.Avatar - [CompAvatarTest.py:35]: self._cnt:22
2021-07-04 00:58:43,670 - INFO - ServerEntity.Avatar - [CompAvatarTest.py:35]: self._cnt:45
2021-07-04 00:58:44,341 - INFO - ServerEntity.Avatar - [CompAvatarTest.py:35]: self._cnt:22
2021-07-04 00:58:44,667 - INFO - ServerEntity.Avatar - [CompAvatarTest.py:35]: self._cnt:45
2021-07-04 00:58:45,348 - INFO - ServerEntity.Avatar - [CompAvatarTest.py:35]: self._cnt:22
2021-07-04 00:58:45,675 - INFO - ServerEntity.Avatar - [CompAvatarTest.py:35]: self._cnt:45
2021-07-04 00:58:46,361 - INFO - ServerEntity.Avatar - [CompAvatarTest.py:35]: self._cnt:22
2021-07-04 00:58:46,686 - INFO - ServerEntity.Avatar - [CompAvatarTest.py:35]: self._cnt:45
2021-07-04 00:58:47,370 - INFO - ServerEntity.Avatar - [CompAvatarTest.py:35]: self._cnt:22
2021-07-04 00:58:47,699 - INFO - ServerEntity.Avatar - [CompAvatarTest.py:35]: self._cnt:45
2021-07-04 00:58:48,381 - INFO - ServerEntity.Avatar - [CompAvatarTest.py:35]: self._cnt:22
2021-07-04 00:58:48,706 - INFO - ServerEntity.Avatar - [CompAvatarTest.py:35]: self._cnt:45
2021-07-04 00:58:49,389 - INFO - ServerEntity.Avatar - [CompAvatarTest.py:35]: self._cnt:22
2021-07-04 00:58:49,718 - INFO - ServerEntity.Avatar - [CompAvatarTest.py:35]: self._cnt:45
2021-07-04 00:58:50,399 - INFO - ServerEntity.Avatar - [CompAvatarTest.py:35]: self._cnt:22
2021-07-04 00:58:50,725 - INFO - ServerEntity.Avatar - [CompAvatarTest.py:35]: self._cnt:45
2021-07-04 00:58:51,408 - INFO - ServerEntity.Avatar - [CompAvatarTest.py:35]: self._cnt:22
2021-07-04 00:58:51,735 - INFO - ServerEntity.Avatar - [CompAvatarTest.py:35]: self._cnt:45
2021-07-04 00:58:52,431 - INFO - ServerEntity.Avatar - [CompAvatarTest.py:35]: self._cnt:22
2021-07-04 00:58:52,761 - INFO - ServerEntity.Avatar - [CompAvatarTest.py:35]: self._cnt:45
2021-07-04 00:58:53,445 - INFO - ServerEntity.Avatar - [CompAvatarTest.py:35]: self._cnt:22
2021-07-04 00:58:53,756 - INFO - ServerEntity.Avatar - [CompAvatarTest.py:35]: self._cnt:45
2021-07-04 00:58:54,454 - INFO - ServerEntity.Avatar - [CompAvatarTest.py:35]: self._cnt:22
2021-07-04 00:58:54,767 - INFO - ServerEntity.Avatar - [CompAvatarTest.py:35]: self._cnt:45
2021-07-04 00:58:55,480 - INFO - ServerEntity.Avatar - [CompAvatarTest.py:35]: self._cnt:22
2021-07-04 00:58:55,775 - INFO - ServerEntity.Avatar - [CompAvatarTest.py:35]: self._cnt:45
2021-07-04 00:58:56,491 - INFO - ServerEntity.Avatar - [CompAvatarTest.py:35]: self._cnt:22
2021-07-04 00:58:56,783 - INFO - ServerEntity.Avatar - [CompAvatarTest.py:35]: self._cnt:45
2021-07-04 00:58:57,502 - INFO - ServerEntity.Avatar - [CompAvatarTest.py:35]: self._cnt:22
2021-07-04 00:58:57,798 - INFO - ServerEntity.Avatar - [CompAvatarTest.py:35]: self._cnt:45
2021-07-04 00:58:58,514 - INFO - ServerEntity.Avatar - [CompAvatarTest.py:35]: self._cnt:22
2021-07-04 00:58:58,827 - INFO - ServerEntity.Avatar - [CompAvatarTest.py:35]: self._cnt:45
2021-07-04 00:58:59,512 - INFO - ServerEntity.Avatar - [CompAvatarTest.py:35]: self._cnt:22
2021-07-04 00:58:59,828 - INFO - ServerEntity.Avatar - [CompAvatarTest.py:35]: self._cnt:45
2021-07-04 00:59:00,513 - INFO - ServerEntity.Avatar - [CompAvatarTest.py:35]: self._cnt:22
2021-07-04 00:59:00,825 - INFO - ServerEntity.Avatar - [CompAvatarTest.py:35]: self._cnt:45
2021-07-04 00:59:01,514 - INFO - ServerEntity.Avatar - [CompAvatarTest.py:35]: self._cnt:22
2021-07-04 00:59:01,827 - INFO - ServerEntity.Avatar - [CompAvatarTest.py:35]: self._cnt:45
2021-07-04 00:59:02,521 - INFO - ServerEntity.Avatar - [CompAvatarTest.py:35]: self._cnt:22
2021-07-04 00:59:02,830 - INFO - ServerEntity.Avatar - [CompAvatarTest.py:35]: self._cnt:45
2021-07-04 00:59:03,533 - INFO - ServerEntity.Avatar - [CompAvatarTest.py:35]: self._cnt:22
2021-07-04 00:59:03,840 - INFO - ServerEntity.Avatar - [CompAvatarTest.py:35]: self._cnt:45
2021-07-04 00:59:04,528 - INFO - ServerEntity.Avatar - [CompAvatarTest.py:35]: self._cnt:22
2021-07-04 00:59:04,838 - INFO - ServerEntity.Avatar - [CompAvatarTest.py:35]: self._cnt:45
2021-07-04 00:59:05,538 - INFO - ServerEntity.Avatar - [CompAvatarTest.py:35]: self._cnt:22
2021-07-04 00:59:05,837 - INFO - ServerEntity.Avatar - [CompAvatarTest.py:35]: self._cnt:45
2021-07-04 00:59:06,553 - INFO - ServerEntity.Avatar - [CompAvatarTest.py:35]: self._cnt:22
2021-07-04 00:59:06,848 - INFO - ServerEntity.Avatar - [CompAvatarTest.py:35]: self._cnt:45
2021-07-04 00:59:07,568 - INFO - ServerEntity.Avatar - [CompAvatarTest.py:35]: self._cnt:22
2021-07-04 00:59:07,865 - INFO - ServerEntity.Avatar - [CompAvatarTest.py:35]: self._cnt:45
2021-07-04 00:59:08,567 - INFO - ServerEntity.Avatar - [CompAvatarTest.py:35]: self._cnt:22
2021-07-04 00:59:08,877 - INFO - ServerEntity.Avatar - [CompAvatarTest.py:35]: self._cnt:45
2021-07-04 00:59:09,577 - INFO - ServerEntity.Avatar - [CompAvatarTest.py:35]: self._cnt:22
2021-07-04 00:59:09,902 - INFO - ServerEntity.Avatar - [CompAvatarTest.py:35]: self._cnt:45
2021-07-04 00:59:10,582 - INFO - ServerEntity.Avatar - [CompAvatarTest.py:35]: self._cnt:22
2021-07-04 00:59:10,907 - INFO - ServerEntity.Avatar - [CompAvatarTest.py:35]: self._cnt:45
2021-07-04 00:59:11,608 - INFO - ServerEntity.Avatar - [CompAvatarTest.py:35]: self._cnt:22
2021-07-04 00:59:11,905 - INFO - ServerEntity.Avatar - [CompAvatarTest.py:35]: self._cnt:45
2021-07-04 00:59:12,613 - INFO - ServerEntity.Avatar - [CompAvatarTest.py:35]: self._cnt:22
2021-07-04 00:59:12,894 - INFO - ServerEntity.Avatar - [CompAvatarTest.py:35]: self._cnt:45
2021-07-04 00:59:13,625 - INFO - ServerEntity.Avatar - [CompAvatarTest.py:35]: self._cnt:22
2021-07-04 00:59:13,905 - INFO - ServerEntity.Avatar - [CompAvatarTest.py:35]: self._cnt:45
2021-07-04 00:59:14,650 - INFO - ServerEntity.Avatar - [CompAvatarTest.py:35]: self._cnt:22
2021-07-04 00:59:14,913 - INFO - ServerEntity.Avatar - [CompAvatarTest.py:35]: self._cnt:45
2021-07-04 00:59:15,647 - INFO - ServerEntity.Avatar - [CompAvatarTest.py:35]: self._cnt:22
2021-07-04 00:59:15,912 - INFO - ServerEntity.Avatar - [CompAvatarTest.py:35]: self._cnt:45
2021-07-04 00:59:16,670 - INFO - ServerEntity.Avatar - [CompAvatarTest.py:35]: self._cnt:22
2021-07-04 00:59:16,935 - INFO - ServerEntity.Avatar - [CompAvatarTest.py:35]: self._cnt:45
2021-07-04 00:59:17,682 - INFO - ServerEntity.Avatar - [CompAvatarTest.py:35]: self._cnt:22
2021-07-04 00:59:17,932 - INFO - ServerEntity.Avatar - [CompAvatarTest.py:35]: self._cnt:45
2021-07-04 00:59:18,680 - INFO - ServerEntity.Avatar - [CompAvatarTest.py:35]: self._cnt:22
2021-07-04 00:59:18,930 - INFO - ServerEntity.Avatar - [CompAvatarTest.py:35]: self._cnt:45
2021-07-04 00:59:19,689 - INFO - ServerEntity.Avatar - [CompAvatarTest.py:35]: self._cnt:22
2021-07-04 00:59:19,942 - INFO - ServerEntity.Avatar - [CompAvatarTest.py:35]: self._cnt:45
2021-07-04 00:59:20,707 - INFO - ServerEntity.Avatar - [CompAvatarTest.py:35]: self._cnt:22
2021-07-04 00:59:20,940 - INFO - ServerEntity.Avatar - [CompAvatarTest.py:35]: self._cnt:45
2021-07-04 00:59:21,730 - INFO - ServerEntity.Avatar - [CompAvatarTest.py:35]: self._cnt:22
2021-07-04 00:59:21,962 - INFO - ServerEntity.Avatar - [CompAvatarTest.py:35]: self._cnt:45
2021-07-04 00:59:22,736 - INFO - ServerEntity.Avatar - [CompAvatarTest.py:35]: self._cnt:22
2021-07-04 00:59:22,967 - INFO - ServerEntity.Avatar - [CompAvatarTest.py:35]: self._cnt:45
2021-07-04 00:59:23,762 - INFO - ServerEntity.Avatar - [CompAvatarTest.py:35]: self._cnt:22
2021-07-04 00:59:23,978 - INFO - ServerEntity.Avatar - [CompAvatarTest.py:35]: self._cnt:45
2021-07-04 00:59:24,758 - INFO - ServerEntity.Avatar - [CompAvatarTest.py:35]: self._cnt:22
2021-07-04 00:59:24,977 - INFO - ServerEntity.Avatar - [CompAvatarTest.py:35]: self._cnt:45
2021-07-04 00:59:25,766 - INFO - ServerEntity.Avatar - [CompAvatarTest.py:35]: self._cnt:22
2021-07-04 00:59:25,982 - INFO - ServerEntity.Avatar - [CompAvatarTest.py:35]: self._cnt:45
2021-07-04 00:59:26,777 - INFO - ServerEntity.Avatar - [CompAvatarTest.py:35]: self._cnt:22
2021-07-04 00:59:26,980 - INFO - ServerEntity.Avatar - [CompAvatarTest.py:35]: self._cnt:45
2021-07-04 00:59:27,774 - INFO - ServerEntity.Avatar - [CompAvatarTest.py:35]: self._cnt:22
2021-07-04 00:59:27,994 - INFO - ServerEntity.Avatar - [CompAvatarTest.py:35]: self._cnt:45
2021-07-04 00:59:28,786 - INFO - ServerEntity.Avatar - [CompAvatarTest.py:35]: self._cnt:22
2021-07-04 00:59:29,000 - INFO - ServerEntity.Avatar - [CompAvatarTest.py:35]: self._cnt:45
2021-07-04 00:59:29,801 - INFO - ServerEntity.Avatar - [CompAvatarTest.py:35]: self._cnt:22
2021-07-04 00:59:30,012 - INFO - ServerEntity.Avatar - [CompAvatarTest.py:35]: self._cnt:45
2021-07-04 00:59:30,805 - INFO - ServerEntity.Avatar - [CompAvatarTest.py:35]: self._cnt:22
2021-07-04 00:59:31,023 - INFO - ServerEntity.Avatar - [CompAvatarTest.py:35]: self._cnt:45
2021-07-04 00:59:31,807 - INFO - ServerEntity.Avatar - [CompAvatarTest.py:35]: self._cnt:22
2021-07-04 00:59:32,022 - INFO - ServerEntity.Avatar - [CompAvatarTest.py:35]: self._cnt:45
2021-07-04 00:59:32,817 - INFO - ServerEntity.Avatar - [CompAvatarTest.py:35]: self._cnt:22
2021-07-04 00:59:33,035 - INFO - ServerEntity.Avatar - [CompAvatarTest.py:35]: self._cnt:45
2021-07-04 00:59:33,817 - INFO - ServerEntity.Avatar - [CompAvatarTest.py:35]: self._cnt:22
2021-07-04 00:59:34,051 - INFO - ServerEntity.Avatar - [CompAvatarTest.py:35]: self._cnt:45
2021-07-04 00:59:34,832 - INFO - ServerEntity.Avatar - [CompAvatarTest.py:35]: self._cnt:22
2021-07-04 00:59:35,067 - INFO - ServerEntity.Avatar - [CompAvatarTest.py:35]: self._cnt:45
2021-07-04 00:59:35,856 - INFO - ServerEntity.Avatar - [CompAvatarTest.py:35]: self._cnt:22
2021-07-04 00:59:36,075 - INFO - ServerEntity.Avatar - [CompAvatarTest.py:35]: self._cnt:45
2021-07-04 00:59:36,856 - INFO - ServerEntity.Avatar - [CompAvatarTest.py:35]: self._cnt:22
2021-07-04 00:59:37,074 - INFO - ServerEntity.Avatar - [CompAvatarTest.py:35]: self._cnt:45
2021-07-04 00:59:37,865 - INFO - ServerEntity.Avatar - [CompAvatarTest.py:35]: self._cnt:22
2021-07-04 00:59:38,080 - INFO - ServerEntity.Avatar - [CompAvatarTest.py:35]: self._cnt:45
2021-07-04 00:59:38,877 - INFO - ServerEntity.Avatar - [CompAvatarTest.py:35]: self._cnt:22
2021-07-04 00:59:39,096 - INFO - ServerEntity.Avatar - [CompAvatarTest.py:35]: self._cnt:45
2021-07-04 00:59:39,902 - INFO - ServerEntity.Avatar - [CompAvatarTest.py:35]: self._cnt:22
2021-07-04 00:59:40,102 - INFO - ServerEntity.Avatar - [CompAvatarTest.py:35]: self._cnt:45
2021-07-04 00:59:40,912 - INFO - ServerEntity.Avatar - [CompAvatarTest.py:35]: self._cnt:22
2021-07-04 00:59:41,114 - INFO - ServerEntity.Avatar - [CompAvatarTest.py:35]: self._cnt:45
2021-07-04 00:59:41,930 - INFO - ServerEntity.Avatar - [CompAvatarTest.py:35]: self._cnt:22
2021-07-04 00:59:42,131 - INFO - ServerEntity.Avatar - [CompAvatarTest.py:35]: self._cnt:45
2021-07-04 00:59:42,938 - INFO - ServerEntity.Avatar - [CompAvatarTest.py:35]: self._cnt:22
2021-07-04 00:59:43,139 - INFO - ServerEntity.Avatar - [CompAvatarTest.py:35]: self._cnt:45
2021-07-04 00:59:43,945 - INFO - ServerEntity.Avatar - [CompAvatarTest.py:35]: self._cnt:22
2021-07-04 00:59:44,146 - INFO - ServerEntity.Avatar - [CompAvatarTest.py:35]: self._cnt:45
2021-07-04 00:59:44,942 - INFO - ServerEntity.Avatar - [CompAvatarTest.py:35]: self._cnt:22
2021-07-04 00:59:45,159 - INFO - ServerEntity.Avatar - [CompAvatarTest.py:35]: self._cnt:45
2021-07-04 00:59:45,952 - INFO - ServerEntity.Avatar - [CompAvatarTest.py:35]: self._cnt:22
2021-07-04 00:59:46,187 - INFO - ServerEntity.Avatar - [CompAvatarTest.py:35]: self._cnt:45
2021-07-04 00:59:46,966 - INFO - ServerEntity.Avatar - [CompAvatarTest.py:35]: self._cnt:22
2021-07-04 00:59:47,183 - INFO - ServerEntity.Avatar - [CompAvatarTest.py:35]: self._cnt:45
2021-07-04 00:59:47,964 - INFO - ServerEntity.Avatar - [CompAvatarTest.py:35]: self._cnt:22
2021-07-04 00:59:48,183 - INFO - ServerEntity.Avatar - [CompAvatarTest.py:35]: self._cnt:45
2021-07-04 00:59:48,979 - INFO - ServerEntity.Avatar - [CompAvatarTest.py:35]: self._cnt:22
2021-07-04 00:59:49,180 - INFO - ServerEntity.Avatar - [CompAvatarTest.py:35]: self._cnt:45
2021-07-04 00:59:49,990 - INFO - ServerEntity.Avatar - [CompAvatarTest.py:35]: self._cnt:22
2021-07-04 00:59:50,175 - INFO - ServerEntity.Avatar - [CompAvatarTest.py:35]: self._cnt:45
2021-07-04 00:59:51,011 - INFO - ServerEntity.Avatar - [CompAvatarTest.py:35]: self._cnt:22
2021-07-04 00:59:51,198 - INFO - ServerEntity.Avatar - [CompAvatarTest.py:35]: self._cnt:45
2021-07-04 00:59:52,022 - INFO - ServerEntity.Avatar - [CompAvatarTest.py:35]: self._cnt:22
2021-07-04 00:59:52,208 - INFO - ServerEntity.Avatar - [CompAvatarTest.py:35]: self._cnt:45
2021-07-04 00:59:53,032 - INFO - ServerEntity.Avatar - [CompAvatarTest.py:35]: self._cnt:22
2021-07-04 00:59:53,235 - INFO - ServerEntity.Avatar - [CompAvatarTest.py:35]: self._cnt:45
2021-07-04 00:59:54,046 - INFO - ServerEntity.Avatar - [CompAvatarTest.py:35]: self._cnt:22
2021-07-04 00:59:54,251 - INFO - ServerEntity.Avatar - [CompAvatarTest.py:35]: self._cnt:45
2021-07-04 00:59:55,047 - INFO - ServerEntity.Avatar - [CompAvatarTest.py:35]: self._cnt:22
2021-07-04 00:59:55,264 - INFO - ServerEntity.Avatar - [CompAvatarTest.py:35]: self._cnt:45
2021-07-04 00:59:56,050 - INFO - ServerEntity.Avatar - [CompAvatarTest.py:35]: self._cnt:22
2021-07-04 00:59:56,266 - INFO - ServerEntity.Avatar - [CompAvatarTest.py:35]: self._cnt:45
2021-07-04 00:59:57,075 - INFO - ServerEntity.Avatar - [CompAvatarTest.py:35]: self._cnt:22
2021-07-04 00:59:57,259 - INFO - ServerEntity.Avatar - [CompAvatarTest.py:35]: self._cnt:45
2021-07-04 00:59:58,083 - INFO - ServerEntity.Avatar - [CompAvatarTest.py:35]: self._cnt:22
2021-07-04 00:59:58,256 - INFO - ServerEntity.Avatar - [CompAvatarTest.py:35]: self._cnt:45
2021-07-04 00:59:59,268 - INFO - ServerEntity.Avatar - [CompAvatarTest.py:35]: self._cnt:45
2021-07-04 01:00:00,282 - INFO - ServerEntity.Avatar - [CompAvatarTest.py:35]: self._cnt:45
2021-07-04 01:00:01,322 - INFO - ServerEntity.Avatar - [CompAvatarTest.py:35]: self._cnt:45
2021-07-04 01:00:02,326 - INFO - ServerEntity.Avatar - [CompAvatarTest.py:35]: self._cnt:45
2021-07-04 01:00:03,339 - INFO - ServerEntity.Avatar - [CompAvatarTest.py:35]: self._cnt:45
2021-07-04 01:00:04,346 - INFO - ServerEntity.Avatar - [CompAvatarTest.py:35]: self._cnt:45
2021-07-04 01:00:05,355 - INFO - ServerEntity.Avatar - [CompAvatarTest.py:35]: self._cnt:45
2021-07-04 01:00:06,363 - INFO - ServerEntity.Avatar - [CompAvatarTest.py:35]: self._cnt:45
