2021-03-23 14:52:00,844 - ServiceNode - INFO : [EtcdSupport.py:476]: we have create ServiceRegister, wait 5 seconds
2021-03-23 14:52:00,846 - ServiceNode - INFO : [EtcdSupport.py:479]: we have create ServiceFinder
2021-03-23 14:52:00,861 - ServiceRegister - INFO : [EtcdSupport.py:148]: regist service : BattleAllocatorStub success, {"action":"set","node":{"key":"/services/BattleAllocatorStub/192.168.82.177|9000","value":"","expiration":"2021-03-23T06:55:00.8597548Z","ttl":180,"modifiedIndex":141,"createdIndex":141}}

2021-03-23 14:52:04,851 - SingletonEntityManager - DEBUG : [SingletonEntityManager.py:118]: _register_relevant_centers_cb, status:good
2021-03-23 14:52:04,853 - ServerEntity.BattleAllocatorStub - INFO : [ServerEntity.py:21]: __init__ create entity BattleAllocatorStub with id 60599014fe754e421882383d mem_id=2972820799056
2021-03-23 14:52:04,854 - server.EntityManager - INFO : [EntityManager.py:140]: addentity  entity id  60599014fe754e421882383d 
2021-03-23 14:52:04,855 - SingletonEntityManager - INFO : [SingletonEntityManager.py:135]: BattleAllocatorStub connected to center
2021-03-23 14:52:04,856 - SingletonEntityManager - DEBUG : [SingletonEntityManager.py:137]: _register_stubs_cb, status:good
2021-03-23 14:52:05,857 - ServerEntity.BattleAllocatorStub - INFO : [Stub.py:56]: Stub cannot connect to BattleAllocatorCenter, try again after 1 sec... (1)
2021-03-23 14:52:05,860 - ServiceFinder - INFO : [EtcdSupport.py:282]: add service node info--> BattleAllocatorCenter: ('192.168.82.177', 8888)
2021-03-23 14:52:05,861 - ServiceFinder - INFO : [EtcdSupport.py:282]: add service node info--> BattleAllocatorStub: ('192.168.82.177', 8889)
2021-03-23 14:52:05,862 - ServiceFinder - INFO : [EtcdSupport.py:282]: add service node info--> BattleAllocatorStub: ('192.168.82.177', 9000)
2021-03-23 14:52:05,863 - ServiceFinder - INFO : [EtcdSupport.py:236]: init service info from etcd success, will going to watch, at etcd index -> 141
2021-03-23 14:53:08,870 - ServiceFinder - INFO : [EtcdSupport.py:422]: etcd watch timeout, rest watch index 141 -> 141
2021-03-23 14:54:10,862 - ServiceFinder - INFO : [EtcdSupport.py:422]: etcd watch timeout, rest watch index 141 -> 141
2021-03-23 14:55:11,866 - ServiceFinder - INFO : [EtcdSupport.py:422]: etcd watch timeout, rest watch index 141 -> 144
2021-03-23 14:56:17,875 - ServiceFinder - INFO : [EtcdSupport.py:422]: etcd watch timeout, rest watch index 144 -> 144
2021-03-23 14:57:20,866 - ServiceFinder - INFO : [EtcdSupport.py:422]: etcd watch timeout, rest watch index 144 -> 147
2021-03-23 14:58:29,867 - ServiceFinder - INFO : [EtcdSupport.py:422]: etcd watch timeout, rest watch index 147 -> 150
2021-03-23 14:59:34,877 - ServiceFinder - INFO : [EtcdSupport.py:422]: etcd watch timeout, rest watch index 150 -> 150
2021-03-23 15:00:36,879 - ServiceFinder - INFO : [EtcdSupport.py:422]: etcd watch timeout, rest watch index 150 -> 153
2021-03-23 15:01:42,886 - ServiceFinder - INFO : [EtcdSupport.py:422]: etcd watch timeout, rest watch index 153 -> 153
2021-03-23 15:02:52,880 - ServiceFinder - INFO : [EtcdSupport.py:422]: etcd watch timeout, rest watch index 153 -> 156
2021-03-23 15:03:58,882 - ServiceFinder - INFO : [EtcdSupport.py:422]: etcd watch timeout, rest watch index 156 -> 159
2021-03-23 15:05:07,886 - ServiceFinder - INFO : [EtcdSupport.py:422]: etcd watch timeout, rest watch index 159 -> 159
2021-03-23 15:06:09,880 - ServiceFinder - INFO : [EtcdSupport.py:422]: etcd watch timeout, rest watch index 159 -> 162
2021-03-23 15:07:11,882 - ServiceFinder - INFO : [EtcdSupport.py:422]: etcd watch timeout, rest watch index 162 -> 165
2021-03-23 15:08:20,892 - ServiceFinder - INFO : [EtcdSupport.py:422]: etcd watch timeout, rest watch index 165 -> 165
2021-03-23 15:09:24,894 - ServiceFinder - INFO : [EtcdSupport.py:422]: etcd watch timeout, rest watch index 165 -> 168
2021-03-23 15:10:26,899 - ServiceFinder - INFO : [EtcdSupport.py:422]: etcd watch timeout, rest watch index 168 -> 168
2021-03-23 15:10:49,250 - ServiceFinder - INFO : [EtcdSupport.py:382]: recv wath expire, info--> BattleAllocatorStub: ('192.168.82.177', 8889) - [171]
2021-03-23 15:11:53,236 - ServiceFinder - INFO : [EtcdSupport.py:422]: etcd watch timeout, rest watch index 171 -> 171
2021-03-23 15:13:03,239 - ServiceFinder - INFO : [EtcdSupport.py:422]: etcd watch timeout, rest watch index 171 -> 173
2021-03-23 15:14:13,243 - ServiceFinder - INFO : [EtcdSupport.py:422]: etcd watch timeout, rest watch index 173 -> 174
2021-03-23 15:15:22,247 - ServiceFinder - INFO : [EtcdSupport.py:422]: etcd watch timeout, rest watch index 174 -> 175
2021-03-23 15:16:31,247 - ServiceFinder - INFO : [EtcdSupport.py:422]: etcd watch timeout, rest watch index 175 -> 177
2021-03-23 15:17:32,250 - ServiceFinder - INFO : [EtcdSupport.py:422]: etcd watch timeout, rest watch index 177 -> 179
2021-03-23 15:18:38,250 - ServiceFinder - INFO : [EtcdSupport.py:422]: etcd watch timeout, rest watch index 179 -> 179
2021-03-23 15:19:38,239 - ServiceFinder - INFO : [EtcdSupport.py:422]: etcd watch timeout, rest watch index 179 -> 181
2021-03-23 15:20:40,241 - ServiceFinder - INFO : [EtcdSupport.py:422]: etcd watch timeout, rest watch index 181 -> 181
2021-03-23 15:21:41,246 - ServiceFinder - INFO : [EtcdSupport.py:422]: etcd watch timeout, rest watch index 181 -> 183
2021-03-23 15:22:50,248 - ServiceFinder - INFO : [EtcdSupport.py:422]: etcd watch timeout, rest watch index 183 -> 185
2021-03-23 15:23:55,250 - ServiceFinder - INFO : [EtcdSupport.py:422]: etcd watch timeout, rest watch index 185 -> 185
2021-03-23 15:25:04,258 - ServiceFinder - INFO : [EtcdSupport.py:422]: etcd watch timeout, rest watch index 185 -> 187
2021-03-23 15:26:12,263 - ServiceFinder - INFO : [EtcdSupport.py:422]: etcd watch timeout, rest watch index 187 -> 188
2021-03-23 15:27:14,264 - ServiceFinder - INFO : [EtcdSupport.py:422]: etcd watch timeout, rest watch index 188 -> 189
2021-03-23 15:28:15,253 - ServiceFinder - INFO : [EtcdSupport.py:422]: etcd watch timeout, rest watch index 189 -> 191
2021-03-23 15:29:22,256 - ServiceFinder - INFO : [EtcdSupport.py:422]: etcd watch timeout, rest watch index 191 -> 191
2021-03-23 15:30:31,258 - ServiceFinder - INFO : [EtcdSupport.py:422]: etcd watch timeout, rest watch index 191 -> 193
2021-03-23 15:31:37,261 - ServiceFinder - INFO : [EtcdSupport.py:422]: etcd watch timeout, rest watch index 193 -> 195
2021-03-23 15:32:45,266 - ServiceFinder - INFO : [EtcdSupport.py:422]: etcd watch timeout, rest watch index 195 -> 195
2021-03-23 15:33:09,253 - ServiceRegister - ERROR : [EtcdSupport.py:186]: refresh service: BattleAllocatorStub error, {"errorCode":100,"message":"Key not found","cause":"/services/BattleAllocatorStub/192.168.82.177|9000","index":197}

2021-03-23 15:33:09,255 - ServiceFinder - INFO : [EtcdSupport.py:382]: recv wath expire, info--> BattleAllocatorStub: ('192.168.82.177', 9000) - [196]
2021-03-23 15:33:09,257 - ServiceRegister - ERROR : [EtcdSupport.py:186]: refresh service: BattleAllocatorStub error, {"errorCode":100,"message":"Key not found","cause":"/services/BattleAllocatorStub/192.168.82.177|9000","index":197}

2021-03-23 15:33:09,261 - ServiceRegister - ERROR : [EtcdSupport.py:186]: refresh service: BattleAllocatorStub error, {"errorCode":100,"message":"Key not found","cause":"/services/BattleAllocatorStub/192.168.82.177|9000","index":197}

2021-03-23 15:33:09,264 - ServiceRegister - ERROR : [EtcdSupport.py:186]: refresh service: BattleAllocatorStub error, {"errorCode":100,"message":"Key not found","cause":"/services/BattleAllocatorStub/192.168.82.177|9000","index":197}

2021-03-23 15:33:09,267 - ServiceRegister - ERROR : [EtcdSupport.py:186]: refresh service: BattleAllocatorStub error, {"errorCode":100,"message":"Key not found","cause":"/services/BattleAllocatorStub/192.168.82.177|9000","index":197}

2021-03-23 15:33:09,270 - ServiceRegister - ERROR : [EtcdSupport.py:186]: refresh service: BattleAllocatorStub error, {"errorCode":100,"message":"Key not found","cause":"/services/BattleAllocatorStub/192.168.82.177|9000","index":197}

2021-03-23 15:33:09,273 - ServiceRegister - ERROR : [EtcdSupport.py:186]: refresh service: BattleAllocatorStub error, {"errorCode":100,"message":"Key not found","cause":"/services/BattleAllocatorStub/192.168.82.177|9000","index":197}

2021-03-23 15:33:09,276 - ServiceRegister - ERROR : [EtcdSupport.py:186]: refresh service: BattleAllocatorStub error, {"errorCode":100,"message":"Key not found","cause":"/services/BattleAllocatorStub/192.168.82.177|9000","index":197}

2021-03-23 15:33:09,279 - ServiceRegister - ERROR : [EtcdSupport.py:186]: refresh service: BattleAllocatorStub error, {"errorCode":100,"message":"Key not found","cause":"/services/BattleAllocatorStub/192.168.82.177|9000","index":197}

2021-03-23 15:33:09,282 - ServiceRegister - ERROR : [EtcdSupport.py:186]: refresh service: BattleAllocatorStub error, {"errorCode":100,"message":"Key not found","cause":"/services/BattleAllocatorStub/192.168.82.177|9000","index":197}

2021-03-23 15:34:19,258 - ServiceFinder - INFO : [EtcdSupport.py:422]: etcd watch timeout, rest watch index 196 -> 197
2021-03-23 15:35:24,260 - ServiceFinder - INFO : [EtcdSupport.py:422]: etcd watch timeout, rest watch index 197 -> 197
2021-03-23 15:36:34,264 - ServiceFinder - INFO : [EtcdSupport.py:422]: etcd watch timeout, rest watch index 197 -> 198
2021-03-23 15:37:34,267 - ServiceFinder - INFO : [EtcdSupport.py:422]: etcd watch timeout, rest watch index 198 -> 198
2021-03-23 15:38:39,270 - ServiceFinder - INFO : [EtcdSupport.py:422]: etcd watch timeout, rest watch index 198 -> 199
2021-03-23 15:39:46,274 - ServiceFinder - INFO : [EtcdSupport.py:422]: etcd watch timeout, rest watch index 199 -> 200
2021-03-23 15:40:47,278 - ServiceFinder - INFO : [EtcdSupport.py:422]: etcd watch timeout, rest watch index 200 -> 200
2021-03-23 15:41:55,283 - ServiceFinder - INFO : [EtcdSupport.py:422]: etcd watch timeout, rest watch index 200 -> 201
2021-03-23 15:43:03,285 - ServiceFinder - INFO : [EtcdSupport.py:422]: etcd watch timeout, rest watch index 201 -> 202
2021-03-23 15:44:12,289 - ServiceFinder - INFO : [EtcdSupport.py:422]: etcd watch timeout, rest watch index 202 -> 202
2021-03-23 15:45:22,292 - ServiceFinder - INFO : [EtcdSupport.py:422]: etcd watch timeout, rest watch index 202 -> 203
2021-03-23 15:46:24,297 - ServiceFinder - INFO : [EtcdSupport.py:422]: etcd watch timeout, rest watch index 203 -> 204
2021-03-23 15:47:29,285 - ServiceFinder - INFO : [EtcdSupport.py:422]: etcd watch timeout, rest watch index 204 -> 204
2021-03-23 15:48:29,288 - ServiceFinder - INFO : [EtcdSupport.py:422]: etcd watch timeout, rest watch index 204 -> 205
2021-03-23 15:49:36,291 - ServiceFinder - INFO : [EtcdSupport.py:422]: etcd watch timeout, rest watch index 205 -> 205
2021-03-23 15:50:45,294 - ServiceFinder - INFO : [EtcdSupport.py:422]: etcd watch timeout, rest watch index 205 -> 206
2021-03-23 15:51:53,298 - ServiceFinder - INFO : [EtcdSupport.py:422]: etcd watch timeout, rest watch index 206 -> 207
2021-03-23 15:52:56,302 - ServiceFinder - INFO : [EtcdSupport.py:422]: etcd watch timeout, rest watch index 207 -> 207
2021-03-23 15:54:03,306 - ServiceFinder - INFO : [EtcdSupport.py:422]: etcd watch timeout, rest watch index 207 -> 208
2021-03-23 15:55:06,309 - ServiceFinder - INFO : [EtcdSupport.py:422]: etcd watch timeout, rest watch index 208 -> 209
2021-03-23 15:56:08,311 - ServiceFinder - INFO : [EtcdSupport.py:422]: etcd watch timeout, rest watch index 209 -> 209
2021-03-23 15:56:52,753 - ServiceFinder - INFO : [EtcdSupport.py:382]: recv wath expire, info--> BattleAllocatorCenter: ('192.168.82.177', 8888) - [210]
2021-03-23 15:57:58,755 - ServiceFinder - INFO : [EtcdSupport.py:422]: etcd watch timeout, rest watch index 210 -> 210
2021-03-23 15:59:05,758 - ServiceFinder - INFO : [EtcdSupport.py:422]: etcd watch timeout, rest watch index 210 -> 210
2021-03-23 16:00:15,763 - ServiceFinder - INFO : [EtcdSupport.py:422]: etcd watch timeout, rest watch index 210 -> 210
2021-03-23 16:01:21,765 - ServiceFinder - INFO : [EtcdSupport.py:422]: etcd watch timeout, rest watch index 210 -> 210
2021-03-23 16:02:25,753 - ServiceFinder - INFO : [EtcdSupport.py:422]: etcd watch timeout, rest watch index 210 -> 210
2021-03-23 16:03:31,756 - ServiceFinder - INFO : [EtcdSupport.py:422]: etcd watch timeout, rest watch index 210 -> 210
2021-03-23 16:04:36,760 - ServiceFinder - INFO : [EtcdSupport.py:422]: etcd watch timeout, rest watch index 210 -> 210
2021-03-23 16:05:38,764 - ServiceFinder - INFO : [EtcdSupport.py:422]: etcd watch timeout, rest watch index 210 -> 210
2021-03-23 16:06:45,753 - ServiceFinder - INFO : [EtcdSupport.py:422]: etcd watch timeout, rest watch index 210 -> 210
2021-03-23 16:07:53,755 - ServiceFinder - INFO : [EtcdSupport.py:422]: etcd watch timeout, rest watch index 210 -> 210
2021-03-23 16:08:56,758 - ServiceFinder - INFO : [EtcdSupport.py:422]: etcd watch timeout, rest watch index 210 -> 210
2021-03-23 16:10:01,761 - ServiceFinder - INFO : [EtcdSupport.py:422]: etcd watch timeout, rest watch index 210 -> 210
2021-03-23 16:11:09,765 - ServiceFinder - INFO : [EtcdSupport.py:422]: etcd watch timeout, rest watch index 210 -> 210
2021-03-23 16:12:12,753 - ServiceFinder - INFO : [EtcdSupport.py:422]: etcd watch timeout, rest watch index 210 -> 210
2021-03-23 16:13:20,757 - ServiceFinder - INFO : [EtcdSupport.py:422]: etcd watch timeout, rest watch index 210 -> 210
2021-03-23 16:14:22,760 - ServiceFinder - INFO : [EtcdSupport.py:422]: etcd watch timeout, rest watch index 210 -> 210
2021-03-23 16:15:22,763 - ServiceFinder - INFO : [EtcdSupport.py:422]: etcd watch timeout, rest watch index 210 -> 210
2021-03-23 16:16:29,767 - ServiceFinder - INFO : [EtcdSupport.py:422]: etcd watch timeout, rest watch index 210 -> 210
2021-03-23 16:17:32,772 - ServiceFinder - INFO : [EtcdSupport.py:422]: etcd watch timeout, rest watch index 210 -> 210
2021-03-23 16:18:38,775 - ServiceFinder - INFO : [EtcdSupport.py:422]: etcd watch timeout, rest watch index 210 -> 210
2021-03-23 16:19:42,777 - ServiceFinder - INFO : [EtcdSupport.py:422]: etcd watch timeout, rest watch index 210 -> 210
2021-03-23 16:20:52,778 - ServiceFinder - INFO : [EtcdSupport.py:422]: etcd watch timeout, rest watch index 210 -> 210
2021-03-23 16:21:53,780 - ServiceFinder - INFO : [EtcdSupport.py:422]: etcd watch timeout, rest watch index 210 -> 210
2021-03-23 16:22:53,781 - ServiceFinder - INFO : [EtcdSupport.py:422]: etcd watch timeout, rest watch index 210 -> 210
2021-03-23 16:25:21,619 - ServiceNode - INFO : [EtcdSupport.py:476]: we have create ServiceRegister, wait 5 seconds
2021-03-23 16:25:21,620 - ServiceNode - INFO : [EtcdSupport.py:479]: we have create ServiceFinder
2021-03-23 16:25:21,626 - ServiceRegister - INFO : [EtcdSupport.py:148]: regist service : BattleAllocatorStub success, {"action":"set","node":{"key":"/services/BattleAllocatorStub/192.168.82.177|9000","value":"","expiration":"2021-03-23T08:28:21.6236708Z","ttl":180,"modifiedIndex":214,"createdIndex":214}}

2021-03-23 16:25:25,615 - SingletonEntityManager - DEBUG : [SingletonEntityManager.py:118]: _register_relevant_centers_cb, status:good
2021-03-23 16:25:25,615 - ServerEntity.BattleAllocatorStub - INFO : [ServerEntity.py:21]: __init__ create entity BattleAllocatorStub with id 6059a5f5fe754e46807b434e mem_id=1791452540640
2021-03-23 16:25:25,617 - server.EntityManager - INFO : [EntityManager.py:140]: addentity  entity id  6059a5f5fe754e46807b434e 
2021-03-23 16:25:25,618 - SingletonEntityManager - INFO : [SingletonEntityManager.py:135]: BattleAllocatorStub connected to center
2021-03-23 16:25:25,619 - SingletonEntityManager - DEBUG : [SingletonEntityManager.py:137]: _register_stubs_cb, status:good
2021-03-23 16:25:26,621 - ServerEntity.BattleAllocatorStub - INFO : [Stub.py:56]: Stub cannot connect to BattleAllocatorCenter, try again after 1 sec... (1)
2021-03-23 16:25:26,623 - ServiceFinder - INFO : [EtcdSupport.py:282]: add service node info--> BattleAllocatorCenter: ('192.168.82.177', 8888)
2021-03-23 16:25:26,624 - ServiceFinder - INFO : [EtcdSupport.py:282]: add service node info--> BattleAllocatorStub: ('192.168.82.177', 8889)
2021-03-23 16:25:26,625 - ServiceFinder - INFO : [EtcdSupport.py:282]: add service node info--> BattleAllocatorStub: ('192.168.82.177', 9000)
2021-03-23 16:25:26,626 - ServiceFinder - INFO : [EtcdSupport.py:236]: init service info from etcd success, will going to watch, at etcd index -> 214
2021-03-23 16:26:16,400 - ServerEntity.Puppet - INFO : [ServerEntity.py:21]: __init__ create entity Puppet with id 6059a628fe754e46807b434f mem_id=1791453341344
2021-03-23 16:26:16,402 - server.EntityManager - INFO : [EntityManager.py:140]: addentity  entity id  6059a628fe754e46807b434f 
2021-03-23 16:26:30,639 - ServiceFinder - INFO : [EtcdSupport.py:422]: etcd watch timeout, rest watch index 214 -> 214
2021-03-23 16:27:39,632 - ServiceFinder - INFO : [EtcdSupport.py:422]: etcd watch timeout, rest watch index 214 -> 214
2021-03-23 16:27:49,247 - ServiceFinder - INFO : [EtcdSupport.py:382]: recv wath expire, info--> BattleAllocatorCenter: ('192.168.82.177', 8888) - [217]
2021-03-23 16:28:59,250 - ServiceFinder - INFO : [EtcdSupport.py:422]: etcd watch timeout, rest watch index 217 -> 217
2021-03-23 16:30:04,254 - ServiceFinder - INFO : [EtcdSupport.py:422]: etcd watch timeout, rest watch index 217 -> 219
2021-03-23 16:31:07,261 - ServiceFinder - INFO : [EtcdSupport.py:422]: etcd watch timeout, rest watch index 219 -> 219
2021-03-23 16:32:16,253 - ServiceFinder - INFO : [EtcdSupport.py:422]: etcd watch timeout, rest watch index 219 -> 221
2021-03-23 16:33:23,256 - ServiceFinder - INFO : [EtcdSupport.py:422]: etcd watch timeout, rest watch index 221 -> 223
2021-03-23 16:34:28,259 - ServiceFinder - INFO : [EtcdSupport.py:422]: etcd watch timeout, rest watch index 223 -> 223
2021-03-23 16:35:29,263 - ServiceFinder - INFO : [EtcdSupport.py:422]: etcd watch timeout, rest watch index 223 -> 225
2021-03-23 16:36:35,266 - ServiceFinder - INFO : [EtcdSupport.py:422]: etcd watch timeout, rest watch index 225 -> 225
2021-03-23 16:37:37,274 - ServiceFinder - INFO : [EtcdSupport.py:422]: etcd watch timeout, rest watch index 225 -> 227
2021-03-23 16:38:45,276 - ServiceFinder - INFO : [EtcdSupport.py:422]: etcd watch timeout, rest watch index 227 -> 229
2021-03-23 16:39:51,268 - ServiceFinder - INFO : [EtcdSupport.py:422]: etcd watch timeout, rest watch index 229 -> 229
2021-03-23 16:41:01,272 - ServiceFinder - INFO : [EtcdSupport.py:422]: etcd watch timeout, rest watch index 229 -> 231
2021-03-23 16:42:07,274 - ServiceFinder - INFO : [EtcdSupport.py:422]: etcd watch timeout, rest watch index 231 -> 232
2021-03-23 16:43:12,284 - ServiceFinder - INFO : [EtcdSupport.py:422]: etcd watch timeout, rest watch index 232 -> 233
2021-03-23 16:44:15,286 - ServiceFinder - INFO : [EtcdSupport.py:422]: etcd watch timeout, rest watch index 233 -> 235
2021-03-23 16:45:15,294 - ServiceFinder - INFO : [EtcdSupport.py:422]: etcd watch timeout, rest watch index 235 -> 235
2021-03-23 16:46:23,297 - ServiceFinder - INFO : [EtcdSupport.py:422]: etcd watch timeout, rest watch index 235 -> 237
2021-03-23 16:47:27,300 - ServiceFinder - INFO : [EtcdSupport.py:422]: etcd watch timeout, rest watch index 237 -> 239
2021-03-23 16:48:16,399 - ServiceNode - INFO : [EtcdSupport.py:476]: we have create ServiceRegister, wait 5 seconds
2021-03-23 16:48:16,400 - ServiceNode - INFO : [EtcdSupport.py:479]: we have create ServiceFinder
2021-03-23 16:48:16,405 - ServiceRegister - INFO : [EtcdSupport.py:148]: regist service : BattleAllocatorStub success, {"action":"set","node":{"key":"/services/BattleAllocatorStub/192.168.82.177|9000","value":"","expiration":"2021-03-23T08:51:16.4039516Z","ttl":180,"modifiedIndex":244,"createdIndex":244},"prevNode":{"key":"/services/BattleAllocatorStub/192.168.82.177|9000","value":"","expiration":"2021-03-23T08:51:02.7535863Z","ttl":167,"modifiedIndex":241,"createdIndex":241}}

2021-03-23 16:48:20,409 - SingletonEntityManager - DEBUG : [SingletonEntityManager.py:118]: _register_relevant_centers_cb, status:good
2021-03-23 16:48:20,411 - ServerEntity.BattleAllocatorStub - INFO : [ServerEntity.py:21]: __init__ create entity BattleAllocatorStub with id 6059ab54fe754e1ed8b8b32f mem_id=1758898319072
2021-03-23 16:48:20,412 - server.EntityManager - INFO : [EntityManager.py:140]: addentity  entity id  6059ab54fe754e1ed8b8b32f 
2021-03-23 16:48:20,413 - SingletonEntityManager - INFO : [SingletonEntityManager.py:135]: BattleAllocatorStub connected to center
2021-03-23 16:48:20,414 - SingletonEntityManager - DEBUG : [SingletonEntityManager.py:137]: _register_stubs_cb, status:good
2021-03-23 16:48:21,401 - ServerEntity.BattleAllocatorStub - INFO : [Stub.py:56]: Stub cannot connect to BattleAllocatorCenter, try again after 1 sec... (1)
2021-03-23 16:48:21,404 - ServiceFinder - INFO : [EtcdSupport.py:282]: add service node info--> BattleAllocatorStub: ('192.168.82.177', 8889)
2021-03-23 16:48:21,405 - ServiceFinder - INFO : [EtcdSupport.py:282]: add service node info--> BattleAllocatorStub: ('192.168.82.177', 9000)
2021-03-23 16:48:21,406 - ServiceFinder - INFO : [EtcdSupport.py:282]: add service node info--> BattleAllocatorCenter: ('192.168.82.177', 8888)
2021-03-23 16:48:21,407 - ServiceFinder - INFO : [EtcdSupport.py:236]: init service info from etcd success, will going to watch, at etcd index -> 244
2021-03-23 16:49:25,414 - ServiceFinder - INFO : [EtcdSupport.py:422]: etcd watch timeout, rest watch index 244 -> 244
2021-03-23 16:50:29,417 - ServiceFinder - INFO : [EtcdSupport.py:422]: etcd watch timeout, rest watch index 244 -> 244
2021-03-23 17:48:30,504 - ServiceNode - INFO : [EtcdSupport.py:476]: we have create ServiceRegister, wait 5 seconds
2021-03-23 17:48:30,505 - ServiceNode - INFO : [EtcdSupport.py:479]: we have create ServiceFinder
2021-03-23 17:48:30,527 - ServiceRegister - INFO : [EtcdSupport.py:148]: regist service : BattleAllocatorStub success, {"action":"set","node":{"key":"/services/BattleAllocatorStub/192.168.82.177|9000","value":"","expiration":"2021-03-23T09:51:30.5210633Z","ttl":180,"modifiedIndex":289,"createdIndex":289}}

2021-03-23 17:48:34,516 - SingletonEntityManager - DEBUG : [SingletonEntityManager.py:118]: _register_relevant_centers_cb, status:good
2021-03-23 17:48:34,519 - ServerEntity.BattleAllocatorStub - INFO : [ServerEntity.py:21]: __init__ create entity BattleAllocatorStub with id 6059b972fe754e1b9833efae mem_id=2165965946784
2021-03-23 17:48:34,522 - server.EntityManager - INFO : [EntityManager.py:140]: addentity  entity id  6059b972fe754e1b9833efae 
2021-03-23 17:48:34,524 - SingletonEntityManager - INFO : [SingletonEntityManager.py:135]: BattleAllocatorStub connected to center
2021-03-23 17:48:34,527 - SingletonEntityManager - DEBUG : [SingletonEntityManager.py:137]: _register_stubs_cb, status:good
2021-03-23 17:48:35,518 - ServiceFinder - INFO : [EtcdSupport.py:282]: add service node info--> BattleAllocatorCenter: ('192.168.82.177', 8888)
2021-03-23 17:48:35,520 - ServiceFinder - INFO : [EtcdSupport.py:282]: add service node info--> BattleAllocatorStub: ('192.168.82.177', 8889)
2021-03-23 17:48:35,522 - ServiceFinder - INFO : [EtcdSupport.py:282]: add service node info--> BattleAllocatorStub: ('192.168.82.177', 9000)
2021-03-23 17:48:35,525 - ServiceFinder - INFO : [EtcdSupport.py:236]: init service info from etcd success, will going to watch, at etcd index -> 289
2021-03-23 17:49:40,531 - ServiceFinder - INFO : [EtcdSupport.py:422]: etcd watch timeout, rest watch index 289 -> 289
2021-03-23 17:50:49,527 - ServiceFinder - INFO : [EtcdSupport.py:422]: etcd watch timeout, rest watch index 289 -> 290
2021-03-23 17:51:01,725 - ServerEntity.Puppet - INFO : [ServerEntity.py:21]: __init__ create entity Puppet with id 6059ba05fe754e1b9833efaf mem_id=2165968340208
2021-03-23 17:51:01,729 - server.EntityManager - INFO : [EntityManager.py:140]: addentity  entity id  6059ba05fe754e1b9833efaf 
